<?xml version="1.0" encoding="UTF-8"?>
<testng-results skipped="0" failed="0" ignored="0" total="3" passed="3">
  <reporter-output>
  </reporter-output>
  <suite name="com.lits.test.LoginTest" duration-ms="11706" started-at="2020-01-30T18:37:57Z" finished-at="2020-01-30T18:38:09Z">
    <groups>
    </groups>
    <test name="Command line test" duration-ms="11706" started-at="2020-01-30T18:37:57Z" finished-at="2020-01-30T18:38:09Z">
      <class name="com.lits.test.LoginTest">
        <test-method status="PASS" signature="testGetBookByIsbn()[pri:0, instance:com.lits.test.LoginTest@2dde1bff]" name="testGetBookByIsbn" duration-ms="10114" started-at="2020-01-30T18:37:57Z" finished-at="2020-01-30T18:38:07Z">
          <reporter-output>
          </reporter-output>
        </test-method> <!-- testGetBookByIsbn -->
        <test-method status="PASS" signature="testGetBooks()[pri:0, instance:com.lits.test.LoginTest@2dde1bff]" name="testGetBooks" duration-ms="701" started-at="2020-01-30T18:38:07Z" finished-at="2020-01-30T18:38:08Z">
          <reporter-output>
          </reporter-output>
        </test-method> <!-- testGetBooks -->
        <test-method status="PASS" signature="testUserForEmail()[pri:0, instance:com.lits.test.LoginTest@2dde1bff]" name="testUserForEmail" duration-ms="857" started-at="2020-01-30T18:38:08Z" finished-at="2020-01-30T18:38:09Z">
          <reporter-output>
          </reporter-output>
        </test-method> <!-- testUserForEmail -->
      </class> <!-- com.lits.test.LoginTest -->
    </test> <!-- Command line test -->
  </suite> <!-- com.lits.test.LoginTest -->
</testng-results>
