<?xml version="1.0" encoding="UTF-8"?>
<!-- Generated by org.testng.reporters.JUnitXMLReporter -->
<testsuite hostname="epualviw0544" ignored="0" name="Command line test" tests="3" failures="0" timestamp="30 Jan 2020 18:38:09 GMT" time="11.706" errors="0">
  <testcase name="testGetBookByIsbn" time="10.114" classname="com.lits.test.LoginTest"/>
  <testcase name="testGetBooks" time="0.701" classname="com.lits.test.LoginTest"/>
  <testcase name="testUserForEmail" time="0.857" classname="com.lits.test.LoginTest"/>
</testsuite> <!-- Command line test -->
